<?xml version="1.0" encoding="UTF-8"?>
<!-- Generated by org.testng.reporters.JUnitXMLReporter -->
<testsuite ignored="0" hostname="Akash-Naykude-Lenovo" failures="2" tests="2" name="Test" time="5.606" errors="0" timestamp="2024-02-23T13:43:33 IST">
  <testcase classname="com.orangeHRM.SuiteLevelListeners.NewTest2" name="Test1" time="0.216">
    <failure type="java.lang.AssertionError" message="expected [true] but found [false]">
      <![CDATA[java.lang.AssertionError: expected [true] but found [false]
at com.orangeHRM.SuiteLevelListeners.NewTest2.Test1(NewTest2.java:18)
at java.base/java.util.ArrayList.forEach(ArrayList.java:1511)
... Removed 29 stack frames]]>
    </failure>
  </testcase> <!-- Test1 -->
  <testcase classname="com.orangeHRM.SuiteLevelListeners.NewTest2" name="Test2" time="0.196">
    <failure type="java.lang.AssertionError" message="expected [true] but found [false]">
      <![CDATA[java.lang.AssertionError: expected [true] but found [false]
at com.orangeHRM.SuiteLevelListeners.NewTest2.Test2(NewTest2.java:30)
at java.base/java.util.ArrayList.forEach(ArrayList.java:1511)
... Removed 29 stack frames]]>
    </failure>
  </testcase> <!-- Test2 -->
</testsuite> <!-- Test -->
