<?xml version="1.0" encoding="UTF-8"?>
<!-- Generated by org.testng.reporters.JUnitXMLReporter -->
<testsuite ignored="0" hostname="Akash-Naykude-Lenovo" failures="0" tests="3" name="Surefire test" time="29.713" errors="0" timestamp="2024-02-18T10:39:01 IST">
  <testcase classname="Omayo_Blogspot.DropDownTest" name="DropDownTest1" time="2.234"/>
  <testcase classname="Omayo_Blogspot.DropDownTest" name="DropDownTest2" time="0.077"/>
  <testcase classname="Omayo_Blogspot.MultiSelectionBoxTest" name="Test1" time="0.178"/>
</testsuite> <!-- Surefire test -->
